[2017-06-23 15:28:26,183] INFO [Controller 0]: Controller starting up (kafka.controller.KafkaController)
[2017-06-23 15:28:26,251] INFO [Controller 0]: Broker 0 starting become controller state transition (kafka.controller.KafkaController)
[2017-06-23 15:28:26,280] INFO [Controller 0]: Controller 0 incremented epoch to 1 (kafka.controller.KafkaController)
[2017-06-23 15:28:26,281] DEBUG [Controller 0]: Registering IsrChangeNotificationListener (kafka.controller.KafkaController)
[2017-06-23 15:28:26,300] INFO [Controller 0]: Partitions undergoing preferred replica election:  (kafka.controller.KafkaController)
[2017-06-23 15:28:26,300] INFO [Controller 0]: Partitions that completed preferred replica election:  (kafka.controller.KafkaController)
[2017-06-23 15:28:26,300] INFO [Controller 0]: Resuming preferred replica election for partitions:  (kafka.controller.KafkaController)
[2017-06-23 15:28:26,304] INFO [Controller 0]: Partitions being reassigned: Map() (kafka.controller.KafkaController)
[2017-06-23 15:28:26,305] INFO [Controller 0]: Partitions already reassigned: List() (kafka.controller.KafkaController)
[2017-06-23 15:28:26,306] INFO [Controller 0]: Resuming reassignment of partitions: Map() (kafka.controller.KafkaController)
[2017-06-23 15:28:26,310] INFO [Controller 0]: List of topics to be deleted:  (kafka.controller.KafkaController)
[2017-06-23 15:28:26,311] INFO [Controller 0]: List of topics ineligible for deletion:  (kafka.controller.KafkaController)
[2017-06-23 15:28:26,314] INFO [Controller 0]: Currently active brokers in the cluster: Set() (kafka.controller.KafkaController)
[2017-06-23 15:28:26,315] INFO [Controller 0]: Currently shutting brokers in the cluster: Set() (kafka.controller.KafkaController)
[2017-06-23 15:28:26,316] INFO [Controller 0]: Current list of topics in the cluster: Set() (kafka.controller.KafkaController)
[2017-06-23 15:28:26,318] INFO [Replica state machine on controller 0]: Started replica state machine with initial state -> Map() (kafka.controller.ReplicaStateMachine)
[2017-06-23 15:28:26,322] INFO [Partition state machine on Controller 0]: Started partition state machine with initial state -> Map() (kafka.controller.PartitionStateMachine)
[2017-06-23 15:28:26,322] INFO [Controller 0]: Broker 0 is ready to serve as the new controller with epoch 1 (kafka.controller.KafkaController)
[2017-06-23 15:28:26,323] INFO [Controller 0]: Starting preferred replica leader election for partitions  (kafka.controller.KafkaController)
[2017-06-23 15:28:26,324] INFO [Partition state machine on Controller 0]: Invoking state change to OnlinePartition for partitions  (kafka.controller.PartitionStateMachine)
[2017-06-23 15:28:26,335] INFO [Controller 0]: starting the partition rebalance scheduler (kafka.controller.KafkaController)
[2017-06-23 15:28:26,335] INFO [Controller 0]: Controller startup complete (kafka.controller.KafkaController)
[2017-06-23 15:28:26,464] INFO [BrokerChangeListener on Controller 0]: Broker change listener fired for path /brokers/ids with children 0 (kafka.controller.ReplicaStateMachine$BrokerChangeListener)
[2017-06-23 15:28:26,508] INFO [BrokerChangeListener on Controller 0]: Newly added brokers: 0, deleted brokers: , all live brokers: 0 (kafka.controller.ReplicaStateMachine$BrokerChangeListener)
[2017-06-23 15:28:26,509] DEBUG [Channel manager on controller 0]: Controller 0 trying to connect to broker 0 (kafka.controller.ControllerChannelManager)
[2017-06-23 15:28:26,532] INFO [Controller-0-to-broker-0-send-thread], Starting  (kafka.controller.RequestSendThread)
[2017-06-23 15:28:26,533] INFO [Controller 0]: New broker startup callback for 0 (kafka.controller.KafkaController)
[2017-06-23 15:28:26,564] INFO [Controller-0-to-broker-0-send-thread], Controller 0 connected to knoldus-Vostro-3546:9092 (id: 0 rack: null) for sending state change requests (kafka.controller.RequestSendThread)
[2017-06-23 15:28:31,336] TRACE [Controller 0]: checking need to trigger partition rebalance (kafka.controller.KafkaController)
[2017-06-23 15:28:31,338] DEBUG [Controller 0]: preferred replicas by broker Map() (kafka.controller.KafkaController)
[2017-06-23 15:33:31,335] TRACE [Controller 0]: checking need to trigger partition rebalance (kafka.controller.KafkaController)
[2017-06-23 15:33:31,335] DEBUG [Controller 0]: preferred replicas by broker Map() (kafka.controller.KafkaController)
